Determining if the pthread_create exist failed with the following output:
Change Dir: /home/sunik/coding/KnuMarkerViewer/CMakeFiles/CMakeTmp

Run Build Command:"/usr/bin/make" "cmTC_d02e4/fast"
/usr/bin/make -f CMakeFiles/cmTC_d02e4.dir/build.make CMakeFiles/cmTC_d02e4.dir/build
make[1]: 디렉터리 '/home/sunik/coding/KnuMarkerViewer/CMakeFiles/CMakeTmp' 들어감
Building C object CMakeFiles/cmTC_d02e4.dir/CheckSymbolExists.c.o
/usr/bin/cc    -o CMakeFiles/cmTC_d02e4.dir/CheckSymbolExists.c.o   -c /home/sunik/coding/KnuMarkerViewer/CMakeFiles/CMakeTmp/CheckSymbolExists.c
Linking C executable cmTC_d02e4
/usr/bin/cmake -E cmake_link_script CMakeFiles/cmTC_d02e4.dir/link.txt --verbose=1
/usr/bin/cc      -rdynamic CMakeFiles/cmTC_d02e4.dir/CheckSymbolExists.c.o  -o cmTC_d02e4 
CMakeFiles/cmTC_d02e4.dir/CheckSymbolExists.c.o: In function `main':
CheckSymbolExists.c:(.text+0x1b): undefined reference to `pthread_create'
collect2: error: ld returned 1 exit status
CMakeFiles/cmTC_d02e4.dir/build.make:97: recipe for target 'cmTC_d02e4' failed
make[1]: *** [cmTC_d02e4] Error 1
make[1]: 디렉터리 '/home/sunik/coding/KnuMarkerViewer/CMakeFiles/CMakeTmp' 나감
Makefile:126: recipe for target 'cmTC_d02e4/fast' failed
make: *** [cmTC_d02e4/fast] Error 2

File /home/sunik/coding/KnuMarkerViewer/CMakeFiles/CMakeTmp/CheckSymbolExists.c:
/* */
#include <pthread.h>

int main(int argc, char** argv)
{
  (void)argv;
#ifndef pthread_create
  return ((int*)(&pthread_create))[argc];
#else
  (void)argc;
  return 0;
#endif
}

Determining if the function pthread_create exists in the pthreads failed with the following output:
Change Dir: /home/sunik/coding/KnuMarkerViewer/CMakeFiles/CMakeTmp

Run Build Command:"/usr/bin/make" "cmTC_7ef53/fast"
/usr/bin/make -f CMakeFiles/cmTC_7ef53.dir/build.make CMakeFiles/cmTC_7ef53.dir/build
make[1]: 디렉터리 '/home/sunik/coding/KnuMarkerViewer/CMakeFiles/CMakeTmp' 들어감
Building C object CMakeFiles/cmTC_7ef53.dir/CheckFunctionExists.c.o
/usr/bin/cc   -DCHECK_FUNCTION_EXISTS=pthread_create   -o CMakeFiles/cmTC_7ef53.dir/CheckFunctionExists.c.o   -c /usr/share/cmake-3.10/Modules/CheckFunctionExists.c
Linking C executable cmTC_7ef53
/usr/bin/cmake -E cmake_link_script CMakeFiles/cmTC_7ef53.dir/link.txt --verbose=1
/usr/bin/cc  -DCHECK_FUNCTION_EXISTS=pthread_create    -rdynamic CMakeFiles/cmTC_7ef53.dir/CheckFunctionExists.c.o  -o cmTC_7ef53 -lpthreads 
/usr/bin/ld: cannot find -lpthreads
collect2: error: ld returned 1 exit status
CMakeFiles/cmTC_7ef53.dir/build.make:97: recipe for target 'cmTC_7ef53' failed
make[1]: *** [cmTC_7ef53] Error 1
make[1]: 디렉터리 '/home/sunik/coding/KnuMarkerViewer/CMakeFiles/CMakeTmp' 나감
Makefile:126: recipe for target 'cmTC_7ef53/fast' failed
make: *** [cmTC_7ef53/fast] Error 2


